
                                   _oo0oo_
                                  088888880
                                  88" . "88
                                  (| -_- |)
                                   0\ = /0
                                ___/'---'\___
                              .' \\\\|     |// '.
                             / \\\\|||  :  |||// \\
                            /_ ||||| -:- |||||- \\
                           |   | \\\\\\  -  /// |   |
                           | \_|  ''\---/''  |_/ |
                           \  .-\__  '-'  __/-.  /
                         ___'. .'  /--.--\  '. .'___
                      ."" '<  '.___\_<|>_/___.' >'  "".
                     | | : '-  \'.;'\ _ /';.'/ - ' : | |
                     \  \ '_.   \_ __\ /__ _/   .-' /  /
                 ====='-.____'.___ \_____/___.-'____.-'=====
                                   '=---='

               ^^^^^^^^^^^^^^^^^^^^^^^^^^^^^^^^^^^^^^^^^^^^^^^^
                         佛祖保佑    iii    永不宕机
2017-10-09 07:16:30.293  INFO 85516 --- [           main] c.monda.demo.SpringBootDemoApplication   : Starting SpringBootDemoApplication v0.0.1-SNAPSHOT on bogon with PID 85516 (/Users/yangjian/workspace/code/javaweb/spring-boot-demo/target/demo-0.0.1-SNAPSHOT.jar started by yangjian in /Users/yangjian/workspace/code/javaweb/spring-boot-demo)
2017-10-09 07:16:30.297  INFO 85516 --- [           main] c.monda.demo.SpringBootDemoApplication   : The following profiles are active: prod
2017-10-09 07:16:30.835  INFO 85516 --- [           main] ationConfigEmbeddedWebApplicationContext : Refreshing org.springframework.boot.context.embedded.AnnotationConfigEmbeddedWebApplicationContext@4ca8195f: startup date [Mon Oct 09 07:16:30 CST 2017]; root of context hierarchy
2017-10-09 07:16:32.591  INFO 85516 --- [           main] trationDelegate$BeanPostProcessorChecker : Bean 'org.springframework.transaction.annotation.ProxyTransactionManagementConfiguration' of type [org.springframework.transaction.annotation.ProxyTransactionManagementConfiguration$$EnhancerBySpringCGLIB$$dd145de4] is not eligible for getting processed by all BeanPostProcessors (for example: not eligible for auto-proxying)
2017-10-09 07:16:32.648  INFO 85516 --- [           main] trationDelegate$BeanPostProcessorChecker : Bean 'shiroConfig' of type [com.monda.demo.conf.ShiroConfig$$EnhancerBySpringCGLIB$$b31fd64b] is not eligible for getting processed by all BeanPostProcessors (for example: not eligible for auto-proxying)
2017-10-09 07:16:33.034  INFO 85516 --- [           main] trationDelegate$BeanPostProcessorChecker : Bean 'hashedCredentialsMatcher' of type [org.apache.shiro.authc.credential.HashedCredentialsMatcher] is not eligible for getting processed by all BeanPostProcessors (for example: not eligible for auto-proxying)
2017-10-09 07:16:33.344  INFO 85516 --- [           main] trationDelegate$BeanPostProcessorChecker : Bean 'mybatis-org.mybatis.spring.boot.autoconfigure.MybatisProperties' of type [org.mybatis.spring.boot.autoconfigure.MybatisProperties] is not eligible for getting processed by all BeanPostProcessors (for example: not eligible for auto-proxying)
2017-10-09 07:16:33.358  INFO 85516 --- [           main] trationDelegate$BeanPostProcessorChecker : Bean 'org.mybatis.spring.boot.autoconfigure.MybatisAutoConfiguration' of type [org.mybatis.spring.boot.autoconfigure.MybatisAutoConfiguration$$EnhancerBySpringCGLIB$$fe8af14] is not eligible for getting processed by all BeanPostProcessors (for example: not eligible for auto-proxying)
2017-10-09 07:16:33.367  INFO 85516 --- [           main] trationDelegate$BeanPostProcessorChecker : Bean 'com.alibaba.druid.spring.boot.autoconfigure.DruidDataSourceAutoConfigure' of type [com.alibaba.druid.spring.boot.autoconfigure.DruidDataSourceAutoConfigure$$EnhancerBySpringCGLIB$$f6c05356] is not eligible for getting processed by all BeanPostProcessors (for example: not eligible for auto-proxying)
2017-10-09 07:16:33.706  INFO 85516 --- [           main] trationDelegate$BeanPostProcessorChecker : Bean 'dataSource' of type [com.alibaba.druid.pool.DruidDataSource] is not eligible for getting processed by all BeanPostProcessors (for example: not eligible for auto-proxying)
2017-10-09 07:16:33.716  INFO 85516 --- [           main] trationDelegate$BeanPostProcessorChecker : Bean 'org.springframework.boot.autoconfigure.jdbc.DataSourceAutoConfiguration' of type [org.springframework.boot.autoconfigure.jdbc.DataSourceAutoConfiguration$$EnhancerBySpringCGLIB$$bf080144] is not eligible for getting processed by all BeanPostProcessors (for example: not eligible for auto-proxying)
2017-10-09 07:16:33.734  INFO 85516 --- [           main] trationDelegate$BeanPostProcessorChecker : Bean 'spring.datasource-org.springframework.boot.autoconfigure.jdbc.DataSourceProperties' of type [org.springframework.boot.autoconfigure.jdbc.DataSourceProperties] is not eligible for getting processed by all BeanPostProcessors (for example: not eligible for auto-proxying)
2017-10-09 07:16:33.756  INFO 85516 --- [           main] trationDelegate$BeanPostProcessorChecker : Bean 'dataSourceInitializer' of type [org.springframework.boot.autoconfigure.jdbc.DataSourceInitializer] is not eligible for getting processed by all BeanPostProcessors (for example: not eligible for auto-proxying)
2017-10-09 07:16:33.956  INFO 85516 --- [           main] trationDelegate$BeanPostProcessorChecker : Bean 'sqlSessionFactory' of type [org.apache.ibatis.session.defaults.DefaultSqlSessionFactory] is not eligible for getting processed by all BeanPostProcessors (for example: not eligible for auto-proxying)
2017-10-09 07:16:33.970  INFO 85516 --- [           main] trationDelegate$BeanPostProcessorChecker : Bean 'sqlSessionTemplate' of type [org.mybatis.spring.SqlSessionTemplate] is not eligible for getting processed by all BeanPostProcessors (for example: not eligible for auto-proxying)
2017-10-09 07:16:33.971  INFO 85516 --- [           main] trationDelegate$BeanPostProcessorChecker : Bean 'adminUserMapper' of type [org.mybatis.spring.mapper.MapperFactoryBean] is not eligible for getting processed by all BeanPostProcessors (for example: not eligible for auto-proxying)
2017-10-09 07:16:33.975  INFO 85516 --- [           main] trationDelegate$BeanPostProcessorChecker : Bean 'adminUserMapper' of type [com.sun.proxy.$Proxy67] is not eligible for getting processed by all BeanPostProcessors (for example: not eligible for auto-proxying)
2017-10-09 07:16:33.991  INFO 85516 --- [           main] trationDelegate$BeanPostProcessorChecker : Bean 'adminRoleMapper' of type [org.mybatis.spring.mapper.MapperFactoryBean] is not eligible for getting processed by all BeanPostProcessors (for example: not eligible for auto-proxying)
2017-10-09 07:16:33.995  INFO 85516 --- [           main] trationDelegate$BeanPostProcessorChecker : Bean 'adminRoleMapper' of type [com.sun.proxy.$Proxy69] is not eligible for getting processed by all BeanPostProcessors (for example: not eligible for auto-proxying)
2017-10-09 07:16:33.996  INFO 85516 --- [           main] trationDelegate$BeanPostProcessorChecker : Bean 'adminRoleServiceImpl' of type [com.monda.demo.service.impl.AdminRoleServiceImpl] is not eligible for getting processed by all BeanPostProcessors (for example: not eligible for auto-proxying)
2017-10-09 07:16:34.024  INFO 85516 --- [           main] trationDelegate$BeanPostProcessorChecker : Bean 'adminUserServiceImpl' of type [com.monda.demo.service.impl.AdminUserServiceImpl] is not eligible for getting processed by all BeanPostProcessors (for example: not eligible for auto-proxying)
2017-10-09 07:16:34.028  INFO 85516 --- [           main] trationDelegate$BeanPostProcessorChecker : Bean 'myShiroRealm' of type [com.monda.demo.conf.AdminShiroRealm] is not eligible for getting processed by all BeanPostProcessors (for example: not eligible for auto-proxying)
2017-10-09 07:16:34.046  INFO 85516 --- [           main] trationDelegate$BeanPostProcessorChecker : Bean 'securityManager' of type [org.apache.shiro.web.mgt.DefaultWebSecurityManager] is not eligible for getting processed by all BeanPostProcessors (for example: not eligible for auto-proxying)
2017-10-09 07:16:34.064  INFO 85516 --- [           main] trationDelegate$BeanPostProcessorChecker : Bean 'authorizationAttributeSourceAdvisor' of type [org.apache.shiro.spring.security.interceptor.AuthorizationAttributeSourceAdvisor] is not eligible for getting processed by all BeanPostProcessors (for example: not eligible for auto-proxying)
2017-10-09 07:16:34.660  INFO 85516 --- [           main] s.b.c.e.t.TomcatEmbeddedServletContainer : Tomcat initialized with port(s): 9999 (http)
2017-10-09 07:16:34.680  INFO 85516 --- [           main] o.apache.catalina.core.StandardService   : Starting service [Tomcat]
2017-10-09 07:16:34.681  INFO 85516 --- [           main] org.apache.catalina.core.StandardEngine  : Starting Servlet Engine: Apache Tomcat/8.5.16
2017-10-09 07:16:34.798  INFO 85516 --- [ost-startStop-1] o.a.c.c.C.[Tomcat].[localhost].[/]       : Initializing Spring embedded WebApplicationContext
2017-10-09 07:16:34.798  INFO 85516 --- [ost-startStop-1] o.s.web.context.ContextLoader            : Root WebApplicationContext: initialization completed in 3966 ms
2017-10-09 07:16:35.141  INFO 85516 --- [ost-startStop-1] o.s.b.w.servlet.ServletRegistrationBean  : Mapping servlet: 'dispatcherServlet' to [/]
2017-10-09 07:16:35.145  INFO 85516 --- [ost-startStop-1] o.s.b.w.servlet.ServletRegistrationBean  : Mapping servlet: 'statViewServlet' to [/druid/*]
2017-10-09 07:16:35.151  INFO 85516 --- [ost-startStop-1] o.s.b.w.servlet.FilterRegistrationBean   : Mapping filter: 'characterEncodingFilter' to: [/*]
2017-10-09 07:16:35.152  INFO 85516 --- [ost-startStop-1] o.s.b.w.servlet.FilterRegistrationBean   : Mapping filter: 'hiddenHttpMethodFilter' to: [/*]
2017-10-09 07:16:35.152  INFO 85516 --- [ost-startStop-1] o.s.b.w.servlet.FilterRegistrationBean   : Mapping filter: 'httpPutFormContentFilter' to: [/*]
2017-10-09 07:16:35.152  INFO 85516 --- [ost-startStop-1] o.s.b.w.servlet.FilterRegistrationBean   : Mapping filter: 'requestContextFilter' to: [/*]
2017-10-09 07:16:35.152  INFO 85516 --- [ost-startStop-1] o.s.b.w.servlet.FilterRegistrationBean   : Mapping filter: 'webStatFilter' to urls: [/*]
2017-10-09 07:16:35.152  INFO 85516 --- [ost-startStop-1] o.s.b.w.servlet.FilterRegistrationBean   : Mapping filter: 'adminFilter' to urls: [/admin/*]
2017-10-09 07:16:35.152  INFO 85516 --- [ost-startStop-1] o.s.b.w.servlet.FilterRegistrationBean   : Mapping filter: 'shirFilter' to: [/*]
2017-10-09 07:16:35.832  INFO 85516 --- [           main] s.w.s.m.m.a.RequestMappingHandlerAdapter : Looking for @ControllerAdvice: org.springframework.boot.context.embedded.AnnotationConfigEmbeddedWebApplicationContext@4ca8195f: startup date [Mon Oct 09 07:16:30 CST 2017]; root of context hierarchy
2017-10-09 07:16:35.952  INFO 85516 --- [           main] s.w.s.m.m.a.RequestMappingHandlerMapping : Mapped "{[/admin/menu || /admin/menu/ || /admin/menu/index],methods=[GET]}" onto public java.lang.String com.monda.demo.controller.admin.AdminMenuController.index(org.springframework.ui.ModelMap,javax.servlet.http.HttpServletRequest)
2017-10-09 07:16:35.953  INFO 85516 --- [           main] s.w.s.m.m.a.RequestMappingHandlerMapping : Mapped "{[/admin/menu/delete/{id}],methods=[GET]}" onto public com.monda.demo.vo.ResultVo com.monda.demo.controller.admin.AdminMenuController.delete(java.lang.Integer)
2017-10-09 07:16:35.953  INFO 85516 --- [           main] s.w.s.m.m.a.RequestMappingHandlerMapping : Mapped "{[/admin/menu/enable],methods=[POST]}" onto public com.monda.demo.vo.ResultVo com.monda.demo.controller.admin.AdminMenuController.enable(javax.servlet.http.HttpServletRequest)
2017-10-09 07:16:35.953  INFO 85516 --- [           main] s.w.s.m.m.a.RequestMappingHandlerMapping : Mapped "{[/admin/menu/doAdd],methods=[POST]}" onto public com.monda.demo.vo.ResultVo com.monda.demo.controller.admin.AdminMenuController.doAdd(com.monda.demo.model.AdminMenu,javax.servlet.http.HttpServletRequest)
2017-10-09 07:16:35.953  INFO 85516 --- [           main] s.w.s.m.m.a.RequestMappingHandlerMapping : Mapped "{[/admin/menu/edit/{id}],methods=[GET]}" onto public com.monda.demo.vo.ResultVo com.monda.demo.controller.admin.AdminMenuController.edit(java.lang.Integer,org.springframework.ui.ModelMap)
2017-10-09 07:16:35.954  INFO 85516 --- [           main] s.w.s.m.m.a.RequestMappingHandlerMapping : Mapped "{[/admin/menu/doUpdate],methods=[POST]}" onto public com.monda.demo.vo.ResultVo com.monda.demo.controller.admin.AdminMenuController.doUpdate(com.monda.demo.model.AdminMenu,javax.servlet.http.HttpServletRequest)
2017-10-09 07:16:35.956  INFO 85516 --- [           main] s.w.s.m.m.a.RequestMappingHandlerMapping : Mapped "{[/admin/permission || /admin/permission/ || /admin/permission/index],methods=[GET]}" onto public java.lang.String com.monda.demo.controller.admin.AdminPermissionController.index(org.springframework.ui.ModelMap,javax.servlet.http.HttpServletRequest)
2017-10-09 07:16:35.956  INFO 85516 --- [           main] s.w.s.m.m.a.RequestMappingHandlerMapping : Mapped "{[/admin/permission/delete/{id}],methods=[GET]}" onto public com.monda.demo.vo.ResultVo com.monda.demo.controller.admin.AdminPermissionController.delete(java.lang.Integer)
2017-10-09 07:16:35.957  INFO 85516 --- [           main] s.w.s.m.m.a.RequestMappingHandlerMapping : Mapped "{[/admin/permission/doAdd],methods=[POST]}" onto public com.monda.demo.vo.ResultVo com.monda.demo.controller.admin.AdminPermissionController.doAdd(com.monda.demo.model.AdminPermission,javax.servlet.http.HttpServletRequest)
2017-10-09 07:16:35.957  INFO 85516 --- [           main] s.w.s.m.m.a.RequestMappingHandlerMapping : Mapped "{[/admin/permission/edit/{id}],methods=[GET]}" onto public com.monda.demo.vo.ResultVo com.monda.demo.controller.admin.AdminPermissionController.edit(java.lang.Integer,org.springframework.ui.ModelMap)
2017-10-09 07:16:35.957  INFO 85516 --- [           main] s.w.s.m.m.a.RequestMappingHandlerMapping : Mapped "{[/admin/permission/doUpdate],methods=[POST]}" onto public com.monda.demo.vo.ResultVo com.monda.demo.controller.admin.AdminPermissionController.doUpdate(com.monda.demo.model.AdminPermission,javax.servlet.http.HttpServletRequest)
2017-10-09 07:16:35.960  INFO 85516 --- [           main] s.w.s.m.m.a.RequestMappingHandlerMapping : Mapped "{[/admin/role || /admin/role/ || /admin/role/index],methods=[GET]}" onto public java.lang.String com.monda.demo.controller.admin.AdminRoleController.index(org.springframework.ui.ModelMap,javax.servlet.http.HttpServletRequest)
2017-10-09 07:16:35.961  INFO 85516 --- [           main] s.w.s.m.m.a.RequestMappingHandlerMapping : Mapped "{[/admin/role/delete/{id}],methods=[GET]}" onto public com.monda.demo.vo.ResultVo com.monda.demo.controller.admin.AdminRoleController.delete(java.lang.Integer)
2017-10-09 07:16:35.961  INFO 85516 --- [           main] s.w.s.m.m.a.RequestMappingHandlerMapping : Mapped "{[/admin/role/permission/get/{roleId}],methods=[GET]}" onto public com.monda.demo.vo.ResultVo com.monda.demo.controller.admin.AdminRoleController.getPermissions(int)
2017-10-09 07:16:35.961  INFO 85516 --- [           main] s.w.s.m.m.a.RequestMappingHandlerMapping : Mapped "{[/admin/role/enable],methods=[POST]}" onto public com.monda.demo.vo.ResultVo com.monda.demo.controller.admin.AdminRoleController.enable(javax.servlet.http.HttpServletRequest)
2017-10-09 07:16:35.962  INFO 85516 --- [           main] s.w.s.m.m.a.RequestMappingHandlerMapping : Mapped "{[/admin/role/doAdd],methods=[POST]}" onto public com.monda.demo.vo.ResultVo com.monda.demo.controller.admin.AdminRoleController.doAdd(com.monda.demo.model.AdminRole,javax.servlet.http.HttpServletRequest)
2017-10-09 07:16:35.962  INFO 85516 --- [           main] s.w.s.m.m.a.RequestMappingHandlerMapping : Mapped "{[/admin/role/edit/{id}],methods=[GET]}" onto public com.monda.demo.vo.ResultVo com.monda.demo.controller.admin.AdminRoleController.edit(java.lang.Integer,org.springframework.ui.ModelMap)
2017-10-09 07:16:35.962  INFO 85516 --- [           main] s.w.s.m.m.a.RequestMappingHandlerMapping : Mapped "{[/admin/role/doUpdate],methods=[POST]}" onto public com.monda.demo.vo.ResultVo com.monda.demo.controller.admin.AdminRoleController.doUpdate(com.monda.demo.model.AdminRole,javax.servlet.http.HttpServletRequest)
2017-10-09 07:16:35.962  INFO 85516 --- [           main] s.w.s.m.m.a.RequestMappingHandlerMapping : Mapped "{[/admin/role/permission/save],methods=[POST]}" onto public com.monda.demo.vo.ResultVo com.monda.demo.controller.admin.AdminRoleController.modifyPermissions(java.lang.String[],java.lang.Integer) throws com.fasterxml.jackson.core.JsonProcessingException
2017-10-09 07:16:35.969  INFO 85516 --- [           main] s.w.s.m.m.a.RequestMappingHandlerMapping : Mapped "{[/admin/manager || /admin/manager/ || /admin/manager/index],methods=[GET]}" onto public java.lang.String com.monda.demo.controller.admin.AdminUserController.index(org.springframework.ui.ModelMap,javax.servlet.http.HttpServletRequest)
2017-10-09 07:16:35.969  INFO 85516 --- [           main] s.w.s.m.m.a.RequestMappingHandlerMapping : Mapped "{[/admin/manager/add],methods=[GET]}" onto public java.lang.String com.monda.demo.controller.admin.AdminUserController.add(org.springframework.ui.ModelMap)
2017-10-09 07:16:35.969  INFO 85516 --- [           main] s.w.s.m.m.a.RequestMappingHandlerMapping : Mapped "{[/admin/manager/delete],methods=[GET]}" onto public com.monda.demo.vo.ResultVo com.monda.demo.controller.admin.AdminUserController.delete(javax.servlet.http.HttpServletRequest)
2017-10-09 07:16:35.969  INFO 85516 --- [           main] s.w.s.m.m.a.RequestMappingHandlerMapping : Mapped "{[/admin/manager/exists/{username}],methods=[GET]}" onto public com.monda.demo.vo.ResultVo com.monda.demo.controller.admin.AdminUserController.exists(java.lang.String)
2017-10-09 07:16:35.970  INFO 85516 --- [           main] s.w.s.m.m.a.RequestMappingHandlerMapping : Mapped "{[/admin/manager/enable],methods=[POST]}" onto public com.monda.demo.vo.ResultVo com.monda.demo.controller.admin.AdminUserController.enable(javax.servlet.http.HttpServletRequest)
2017-10-09 07:16:35.970  INFO 85516 --- [           main] s.w.s.m.m.a.RequestMappingHandlerMapping : Mapped "{[/admin/manager/doAdd],methods=[POST]}" onto public com.monda.demo.vo.ResultVo com.monda.demo.controller.admin.AdminUserController.doAdd(com.monda.demo.model.AdminUser,java.util.List<java.lang.String>,javax.servlet.http.HttpServletRequest) throws com.fasterxml.jackson.core.JsonProcessingException
2017-10-09 07:16:35.970  INFO 85516 --- [           main] s.w.s.m.m.a.RequestMappingHandlerMapping : Mapped "{[/admin/manager/edit],methods=[GET]}" onto public java.lang.String com.monda.demo.controller.admin.AdminUserController.edit(org.springframework.ui.ModelMap,javax.servlet.http.HttpServletRequest)
2017-10-09 07:16:35.970  INFO 85516 --- [           main] s.w.s.m.m.a.RequestMappingHandlerMapping : Mapped "{[/admin/manager/doUpdate],methods=[POST]}" onto public com.monda.demo.vo.ResultVo com.monda.demo.controller.admin.AdminUserController.doUpdate(com.monda.demo.model.AdminUser,java.util.List<java.lang.String>,javax.servlet.http.HttpServletRequest) throws com.fasterxml.jackson.core.JsonProcessingException
2017-10-09 07:16:35.971  INFO 85516 --- [           main] s.w.s.m.m.a.RequestMappingHandlerMapping : Mapped "{[/admin/manager/deletes],methods=[GET]}" onto public com.monda.demo.vo.ResultVo com.monda.demo.controller.admin.AdminUserController.deletes(javax.servlet.http.HttpServletRequest)
2017-10-09 07:16:35.971  INFO 85516 --- [           main] s.w.s.m.m.a.RequestMappingHandlerMapping : Mapped "{[/admin/manager/modifyPass],methods=[POST]}" onto public com.monda.demo.vo.ResultVo com.monda.demo.controller.admin.AdminUserController.modifyPass(javax.servlet.http.HttpServletRequest)
2017-10-09 07:16:35.973  INFO 85516 --- [           main] s.w.s.m.m.a.RequestMappingHandlerMapping : Mapped "{[/admin/404],methods=[GET]}" onto public java.lang.String com.monda.demo.controller.admin.LoginController.notFound(org.springframework.ui.ModelMap)
2017-10-09 07:16:35.973  INFO 85516 --- [           main] s.w.s.m.m.a.RequestMappingHandlerMapping : Mapped "{[/admin/login],methods=[GET]}" onto public java.lang.String com.monda.demo.controller.admin.LoginController.login(org.springframework.ui.ModelMap,javax.servlet.http.HttpServletRequest)
2017-10-09 07:16:35.973  INFO 85516 --- [           main] s.w.s.m.m.a.RequestMappingHandlerMapping : Mapped "{[/admin/doLogin],methods=[POST]}" onto public com.monda.demo.vo.ResultVo com.monda.demo.controller.admin.LoginController.doLogin(javax.servlet.http.HttpServletRequest)
2017-10-09 07:16:35.974  INFO 85516 --- [           main] s.w.s.m.m.a.RequestMappingHandlerMapping : Mapped "{[/admin/403],methods=[GET]}" onto public java.lang.String com.monda.demo.controller.admin.LoginController.forbid(org.springframework.ui.ModelMap)
2017-10-09 07:16:35.974  INFO 85516 --- [           main] s.w.s.m.m.a.RequestMappingHandlerMapping : Mapped "{[/admin/logout],methods=[GET]}" onto public void com.monda.demo.controller.admin.LoginController.logout(javax.servlet.http.HttpServletRequest,javax.servlet.http.HttpServletResponse) throws java.io.IOException
2017-10-09 07:16:35.975  INFO 85516 --- [           main] s.w.s.m.m.a.RequestMappingHandlerMapping : Mapped "{[ || /],methods=[GET]}" onto public void com.monda.demo.controller.IndexController.index(javax.servlet.http.HttpServletResponse) throws java.io.IOException
2017-10-09 07:16:35.975  INFO 85516 --- [           main] s.w.s.m.m.a.RequestMappingHandlerMapping : Mapped "{[/404],methods=[GET]}" onto public void com.monda.demo.controller.IndexController.notFound(javax.servlet.http.HttpServletResponse) throws java.io.IOException
2017-10-09 07:16:35.975  INFO 85516 --- [           main] s.w.s.m.m.a.RequestMappingHandlerMapping : Mapped "{[/403],methods=[GET]}" onto public void com.monda.demo.controller.IndexController.forbid(javax.servlet.http.HttpServletResponse) throws java.io.IOException
2017-10-09 07:16:35.976  INFO 85516 --- [           main] s.w.s.m.m.a.RequestMappingHandlerMapping : Mapped "{[/admin/index],methods=[GET]}" onto public java.lang.String com.monda.demo.controller.IndexController.adminIndex(javax.servlet.http.HttpServletRequest,org.springframework.ui.ModelMap)
2017-10-09 07:16:35.976  INFO 85516 --- [           main] s.w.s.m.m.a.RequestMappingHandlerMapping : Mapped "{[/admin/doAdd],methods=[GET]}" onto public com.monda.demo.vo.ResultVo com.monda.demo.controller.IndexController.adminDoAdd(javax.servlet.http.HttpServletRequest)
2017-10-09 07:16:35.978  INFO 85516 --- [           main] s.w.s.m.m.a.RequestMappingHandlerMapping : Mapped "{[/upload/list],methods=[GET]}" onto public com.monda.demo.vo.ResultVo com.monda.demo.controller.UploadController.list(javax.servlet.http.HttpServletRequest) throws java.io.IOException
2017-10-09 07:16:35.978  INFO 85516 --- [           main] s.w.s.m.m.a.RequestMappingHandlerMapping : Mapped "{[/upload/search],methods=[GET]}" onto public com.monda.demo.vo.ResultVo com.monda.demo.controller.UploadController.search(javax.servlet.http.HttpServletRequest) throws java.io.IOException
2017-10-09 07:16:35.978  INFO 85516 --- [           main] s.w.s.m.m.a.RequestMappingHandlerMapping : Mapped "{[/upload/putFile],methods=[POST]}" onto public com.monda.demo.vo.ResultVo com.monda.demo.controller.UploadController.putFile(javax.servlet.http.HttpServletRequest,org.springframework.web.multipart.MultipartFile)
2017-10-09 07:16:35.978  INFO 85516 --- [           main] s.w.s.m.m.a.RequestMappingHandlerMapping : Mapped "{[/upload/grap],methods=[GET]}" onto public com.monda.demo.vo.ResultVo com.monda.demo.controller.UploadController.grap(javax.servlet.http.HttpServletRequest,javax.servlet.http.HttpServletResponse) throws java.io.IOException
2017-10-09 07:16:35.980  INFO 85516 --- [           main] s.w.s.m.m.a.RequestMappingHandlerMapping : Mapped "{[/error]}" onto public org.springframework.http.ResponseEntity<java.util.Map<java.lang.String, java.lang.Object>> org.springframework.boot.autoconfigure.web.BasicErrorController.error(javax.servlet.http.HttpServletRequest)
2017-10-09 07:16:35.981  INFO 85516 --- [           main] s.w.s.m.m.a.RequestMappingHandlerMapping : Mapped "{[/error],produces=[text/html]}" onto public org.springframework.web.servlet.ModelAndView org.springframework.boot.autoconfigure.web.BasicErrorController.errorHtml(javax.servlet.http.HttpServletRequest,javax.servlet.http.HttpServletResponse)
2017-10-09 07:16:36.045  INFO 85516 --- [           main] o.s.w.s.handler.SimpleUrlHandlerMapping  : Mapped URL path [/static/**] onto handler of type [class org.springframework.web.servlet.resource.ResourceHttpRequestHandler]
2017-10-09 07:16:36.045  INFO 85516 --- [           main] o.s.w.s.handler.SimpleUrlHandlerMapping  : Mapped URL path [/webjars/**] onto handler of type [class org.springframework.web.servlet.resource.ResourceHttpRequestHandler]
2017-10-09 07:16:36.045  INFO 85516 --- [           main] o.s.w.s.handler.SimpleUrlHandlerMapping  : Mapped URL path [/**] onto handler of type [class org.springframework.web.servlet.resource.ResourceHttpRequestHandler]
2017-10-09 07:16:36.083  INFO 85516 --- [           main] .m.m.a.ExceptionHandlerExceptionResolver : Detected @ExceptionHandler methods in exceptionHandler
2017-10-09 07:16:36.129  INFO 85516 --- [           main] o.s.w.s.handler.SimpleUrlHandlerMapping  : Mapped URL path [/**/favicon.ico] onto handler of type [class org.springframework.web.servlet.resource.ResourceHttpRequestHandler]
2017-10-09 07:16:36.265  WARN 85516 --- [           main] org.thymeleaf.templatemode.TemplateMode  : [THYMELEAF][main] Template Mode 'HTML5' is deprecated. Using Template Mode 'HTML' instead.
2017-10-09 07:16:37.433  INFO 85516 --- [           main] o.s.ui.freemarker.SpringTemplateLoader   : SpringTemplateLoader for FreeMarker: using resource loader [org.springframework.boot.context.embedded.AnnotationConfigEmbeddedWebApplicationContext@4ca8195f: startup date [Mon Oct 09 07:16:30 CST 2017]; root of context hierarchy] and template loader path [classpath:/templates/]
2017-10-09 07:16:37.434  INFO 85516 --- [           main] o.s.w.s.v.f.FreeMarkerConfigurer         : ClassTemplateLoader for Spring macros added to FreeMarker configuration
2017-10-09 07:16:37.790  INFO 85516 --- [           main] o.s.j.e.a.AnnotationMBeanExporter        : Registering beans for JMX exposure on startup
2017-10-09 07:16:37.792  INFO 85516 --- [           main] o.s.j.e.a.AnnotationMBeanExporter        : Bean with name 'dataSource' has been autodetected for JMX exposure
2017-10-09 07:16:37.796  INFO 85516 --- [           main] o.s.j.e.a.AnnotationMBeanExporter        : Located MBean 'dataSource': registering with JMX server as MBean [com.alibaba.druid.pool:name=dataSource,type=DruidDataSource]
2017-10-09 07:16:37.886  INFO 85516 --- [           main] s.b.c.e.t.TomcatEmbeddedServletContainer : Tomcat started on port(s): 9999 (http)
2017-10-09 07:16:37.891  INFO 85516 --- [           main] c.monda.demo.SpringBootDemoApplication   : Started SpringBootDemoApplication in 8.298 seconds (JVM running for 8.972)
2017-10-09 07:17:03.423  INFO 85516 --- [nio-9999-exec-1] o.a.c.c.C.[Tomcat].[localhost].[/]       : Initializing Spring FrameworkServlet 'dispatcherServlet'
2017-10-09 07:17:03.423  INFO 85516 --- [nio-9999-exec-1] o.s.web.servlet.DispatcherServlet        : FrameworkServlet 'dispatcherServlet': initialization started
2017-10-09 07:17:03.445  INFO 85516 --- [nio-9999-exec-1] o.s.web.servlet.DispatcherServlet        : FrameworkServlet 'dispatcherServlet': initialization completed in 22 ms
2017-10-09 07:17:13.221  INFO 85516 --- [       Thread-3] ationConfigEmbeddedWebApplicationContext : Closing org.springframework.boot.context.embedded.AnnotationConfigEmbeddedWebApplicationContext@4ca8195f: startup date [Mon Oct 09 07:16:30 CST 2017]; root of context hierarchy
2017-10-09 07:17:13.223  INFO 85516 --- [       Thread-3] o.s.j.e.a.AnnotationMBeanExporter        : Unregistering JMX-exposed beans on shutdown
2017-10-09 07:17:13.223  INFO 85516 --- [       Thread-3] o.s.j.e.a.AnnotationMBeanExporter        : Unregistering JMX-exposed beans
